<?xml version="1.0" encoding="UTF-8"?>
<testng-results skipped="0" failed="0" ignored="0" total="1" passed="1">
  <reporter-output>
  </reporter-output>
  <suite name="Suite" duration-ms="6404" started-at="2018-10-13T11:30:44Z" finished-at="2018-10-13T11:30:50Z">
    <groups>
    </groups>
    <test name="Test" duration-ms="6404" started-at="2018-10-13T11:30:44Z" finished-at="2018-10-13T11:30:50Z">
      <class name="TestNG.addressbook">
        <test-method status="PASS" signature="launch()[pri:0, instance:TestNG.addressbook@5c7fa833]" name="launch" is-config="true" duration-ms="5636" started-at="2018-10-13T11:30:44Z" finished-at="2018-10-13T11:30:50Z">
          <reporter-output>
          </reporter-output>
        </test-method> <!-- launch -->
        <test-method status="PASS" signature="verifyAddressbook()[pri:0, instance:TestNG.addressbook@5c7fa833]" name="verifyAddressbook" duration-ms="9" started-at="2018-10-13T11:30:50Z" finished-at="2018-10-13T11:30:50Z">
          <reporter-output>
          </reporter-output>
        </test-method> <!-- verifyAddressbook -->
        <test-method status="PASS" signature="close()[pri:0, instance:TestNG.addressbook@5c7fa833]" name="close" is-config="true" duration-ms="735" started-at="2018-10-13T11:30:50Z" finished-at="2018-10-13T11:30:50Z">
          <reporter-output>
          </reporter-output>
        </test-method> <!-- close -->
      </class> <!-- TestNG.addressbook -->
    </test> <!-- Test -->
  </suite> <!-- Suite -->
</testng-results>
